2018-04-03 18:11:55,150 ERROR ~ 

@77f8kf060
Internal Server Error (500) for request GET /m/investDetail?bidId=143

Oops: ExceptionInInitializerError
An unexpected error occured caused by exception ExceptionInInitializerError: null
  ~ play.Logger.niceThrowable(Logger.java:570) ~ play ~ 66652
play.exceptions.UnexpectedException: Unexpected Error
	at play.Invoker$Invocation.onException(Invoker.java:244)
	at play.Invoker$Invocation.run(Invoker.java:286)
	at Invocation.HTTP Request(Play!)
Caused by: java.lang.ExceptionInInitializerError
	at org.hibernate.engine.UnsavedValueFactory.instantiate(UnsavedValueFactory.java:45)
	at org.hibernate.engine.UnsavedValueFactory.getUnsavedIdentifierValue(UnsavedValueFactory.java:67)
	at org.hibernate.tuple.PropertyFactory.buildIdentifierProperty(PropertyFactory.java:67)
	at org.hibernate.tuple.entity.EntityMetamodel.<init>(EntityMetamodel.java:135)
	at org.hibernate.persister.entity.AbstractEntityPersister.<init>(AbstractEntityPersister.java:485)
	at org.hibernate.persister.entity.SingleTableEntityPersister.<init>(SingleTableEntityPersister.java:133)
	at org.hibernate.persister.PersisterFactory.createClassPersister(PersisterFactory.java:84)
	at org.hibernate.impl.SessionFactoryImpl.<init>(SessionFactoryImpl.java:286)
	at org.hibernate.cfg.Configuration.buildSessionFactory(Configuration.java:1872)
	at org.hibernate.ejb.Ejb3Configuration.buildEntityManagerFactory(Ejb3Configuration.java:906)
	at play.db.jpa.JPAPlugin.onApplicationStart(JPAPlugin.java:267)
	at play.plugins.PluginCollection.onApplicationStart(PluginCollection.java:525)
	at play.Play.start(Play.java:533)
	at play.Play.detectChanges(Play.java:637)
	at play.Invoker$Invocation.init(Invoker.java:198)
	... 1 more
Caused by: java.lang.NullPointerException
	at models.t_bids.<clinit>(t_bids.java:200)
	... 16 more
2018-04-03 18:12:12,181 ERROR ~ 

@77f8kf061
Internal Server Error (500) for request GET /m/investDetail?bidId=143

Oops: ObjectExistsException
An unexpected error occured caused by exception ObjectExistsException: Cache play already exists
  ~ play.Logger.niceThrowable(Logger.java:570) ~ play ~ 83683
play.exceptions.UnexpectedException: Unexpected Error
	at play.Play.start(Play.java:563)
	at play.Play.detectChanges(Play.java:637)
	at play.Invoker$Invocation.init(Invoker.java:198)
	at Invocation.HTTP Request(Play!)
Caused by: net.sf.ehcache.ObjectExistsException: Cache play already exists
	at net.sf.ehcache.CacheManager.addCache(CacheManager.java:934)
	at play.cache.EhCacheImpl.<init>(EhCacheImpl.java:32)
	at play.cache.EhCacheImpl.newInstance(EhCacheImpl.java:41)
	at play.cache.Cache.init(Cache.java:241)
	at play.Play.start(Play.java:529)
	... 3 more
2018-04-03 18:13:30,912 ERROR ~ 

@77f8kf062
Internal Server Error (500) for request GET /m/investDetail?bidId=143

JPA error
A JPA error occurred (Unable to build EntityManagerFactory): could not instantiate test objectmodels.t_bids
  ~ play.Logger.niceThrowable(Logger.java:570) ~ play ~ 162414
play.exceptions.JPAException: Unable to build EntityManagerFactory
	at play.db.jpa.JPAPlugin.onApplicationStart(JPAPlugin.java:269)
	at play.plugins.PluginCollection.onApplicationStart(PluginCollection.java:525)
	at play.Play.start(Play.java:533)
	at play.Play.detectChanges(Play.java:649)
	at play.Invoker$Invocation.init(Invoker.java:198)
	at Invocation.HTTP Request(Play!)
Caused by: org.hibernate.InstantiationException: could not instantiate test objectmodels.t_bids
	at org.hibernate.engine.UnsavedValueFactory.instantiate(UnsavedValueFactory.java:48)
	at org.hibernate.engine.UnsavedValueFactory.getUnsavedIdentifierValue(UnsavedValueFactory.java:67)
	at org.hibernate.tuple.PropertyFactory.buildIdentifierProperty(PropertyFactory.java:67)
	at org.hibernate.tuple.entity.EntityMetamodel.<init>(EntityMetamodel.java:135)
	at org.hibernate.persister.entity.AbstractEntityPersister.<init>(AbstractEntityPersister.java:485)
	at org.hibernate.persister.entity.SingleTableEntityPersister.<init>(SingleTableEntityPersister.java:133)
	at org.hibernate.persister.PersisterFactory.createClassPersister(PersisterFactory.java:84)
	at org.hibernate.impl.SessionFactoryImpl.<init>(SessionFactoryImpl.java:286)
	at org.hibernate.cfg.Configuration.buildSessionFactory(Configuration.java:1872)
	at org.hibernate.ejb.Ejb3Configuration.buildEntityManagerFactory(Ejb3Configuration.java:906)
	at play.db.jpa.JPAPlugin.onApplicationStart(JPAPlugin.java:267)
	... 5 more
Caused by: java.lang.reflect.InvocationTargetException
	at org.hibernate.engine.UnsavedValueFactory.instantiate(UnsavedValueFactory.java:45)
	... 15 more
Caused by: java.lang.NullPointerException
	at models.t_bids.<init>(t_bids.java:200)
	... 16 more
